{"level":40,"time":"2026-04-08T07:37:26.001Z","msg":"[setupI18nMain] intl.onWarn [@formatjs/intl] \"defaultRichTextElements\" was specified but \"message\" was not pre-compiled. \nPlease consider using \"@formatjs/cli\" to pre-compile your messages for performance.\nFor more details see https://formatjs.github.io/docs/getting-started/message-distribution"}
{"level":40,"time":"2026-04-08T07:37:26.004Z","msg":"[setupI18nMain] intl.onWarn [@formatjs/intl] \"defaultRichTextElements\" was specified but \"message\" was not pre-compiled. \nPlease consider using \"@formatjs/cli\" to pre-compile your messages for performance.\nFor more details see https://formatjs.github.io/docs/getting-started/message-distribution"}
{"level":30,"time":"2026-04-08T07:37:26.056Z","msg":"[preconnect] libsignal net url: https://chat.signal.org"}
{"level":30,"time":"2026-04-08T07:37:26.056Z","msg":"[preconnect] libsignal net environment resolved to prod"}
{"level":30,"time":"2026-04-08T07:37:26.066Z","msg":"[preconnect] WebAPI: preconnect start"}
{"level":30,"time":"2026-04-08T07:37:26.564Z","msg":"[profiles] Profile Service initialized"}
{"level":30,"time":"2026-04-08T07:37:26.709Z","msg":"[preload] complete"}
{"level":30,"time":"2026-04-08T07:37:26.712Z","msg":"[@signalapp/libsignal-client] Initializing libsignal version:0.89.2 signal_node::logging rust/bridge/node/src/logging.rs:204"}
{"level":30,"time":"2026-04-08T07:37:26.826Z","msg":"[notifications] NotificationService initialized"}
{"level":30,"time":"2026-04-08T07:37:26.856Z","msg":"[incrementMessageCounter] initializeMessageCounter: defaulting to Date.now()"}
{"level":30,"time":"2026-04-08T07:37:26.856Z","msg":"[ourProfileKey] Our profile key service: initializing"}
{"level":30,"time":"2026-04-08T07:37:26.857Z","msg":"[background] page reloaded"}
{"level":30,"time":"2026-04-08T07:37:26.857Z","msg":"[background] environment: production"}
{"level":30,"time":"2026-04-08T07:37:26.861Z","msg":"[indexeddb] Checking for the existence of IndexedDB data..."}
{"level":30,"time":"2026-04-08T07:37:26.883Z","msg":"[@signalapp/libsignal-client] [preconnect 2 V6] TCP connection failed: kind=NetworkUnreachable, errno=Some(101) libsignal_net_infra::tcp_ssl rust/net/infra/src/tcp_ssl.rs:121"}
{"level":30,"time":"2026-04-08T07:37:26.884Z","msg":"[@signalapp/libsignal-client] [preconnect 2 V6] TCP failed after 39.588µs: Failed to establish TCP connection to any of the IPs libsignal_net_infra::route::connect::logging rust/net/infra/src/route/connect/logging.rs:95"}
{"level":30,"time":"2026-04-08T07:37:26.897Z","msg":"[@signalapp/libsignal-client] [preconnect] connection succeeded after 825.834ms libsignal_net::connect_state rust/net/src/connect_state.rs:835"}
{"level":30,"time":"2026-04-08T07:37:26.897Z","msg":"[preconnect] WebAPI: preconnect done"}
{"level":30,"time":"2026-04-08T07:37:26.904Z","msg":"[background] Storage fetch"}
{"level":30,"time":"2026-04-08T07:37:26.913Z","msg":"[buildExpiration] Build expires (local): 2026-06-30T23:14:59.000Z"}
{"level":30,"time":"2026-04-08T07:37:26.914Z","msg":"[LibsignalNetRemoteConfig] Setting libsignal-net remote config {}"}
{"level":30,"time":"2026-04-08T07:37:26.916Z","msg":"[SocketManager] reconnecting after setting hasStoriesDisabled=false"}
{"level":30,"time":"2026-04-08T07:37:26.916Z","msg":"[SocketManager] reconnect: starting..."}
{"level":30,"time":"2026-04-08T07:37:26.916Z","msg":"[SocketManager] reconnect: complete."}
{"level":30,"time":"2026-04-08T07:37:26.916Z","msg":"[background] Initializing MessageReceiver"}
{"level":30,"time":"2026-04-08T07:37:26.917Z","msg":"[senderCertificate] Sender certificate service initialized"}
{"level":30,"time":"2026-04-08T07:37:26.919Z","msg":"[buildExpiration] Build expires (local): 2026-06-30T23:14:59.000Z"}
{"level":30,"time":"2026-04-08T07:37:26.919Z","msg":"[buildExpiration] expires in 7227452081ms"}
{"level":40,"time":"2026-04-08T07:37:26.921Z","msg":"[SocketManager] authenticate was called without credentials"}
{"level":30,"time":"2026-04-08T07:37:26.954Z","msg":"[background] Starting background data migration. Target version: 15"}
{"level":30,"time":"2026-04-08T07:37:26.955Z","msg":"[retryPlaceholders] constructor: Started with 0 items, lifespan of 3600000"}
{"level":30,"time":"2026-04-08T07:37:26.955Z","msg":"[ConversationController] starting initial fetch"}
{"level":30,"time":"2026-04-08T07:37:26.956Z","msg":"[ConversationController] done with initial fetch, got 0 conversations"}
{"level":40,"time":"2026-04-08T07:37:26.962Z","msg":"[ConversationController] conversationChanged: Rejecting change from [REDACTED]111 ([REDACTED]1e6), not in lookups"}
{"level":40,"time":"2026-04-08T07:37:26.966Z","msg":"[ConversationController] conversationChanged: Rejecting change from [REDACTED]111 ([REDACTED]1e6), not in lookups"}
{"level":30,"time":"2026-04-08T07:37:26.968Z","msg":"[SignalProtocolStore] Finished caching identityKeys data"}
{"level":30,"time":"2026-04-08T07:37:26.968Z","msg":"[SignalProtocolStore] Finished caching senderKeys data"}
{"level":30,"time":"2026-04-08T07:37:26.969Z","msg":"[SignalProtocolStore] Finished caching sessions data"}
{"level":30,"time":"2026-04-08T07:37:26.969Z","msg":"[SignalProtocolStore] Finished caching kyberPreKeys data"}
{"level":30,"time":"2026-04-08T07:37:26.969Z","msg":"[SignalProtocolStore] Finished caching signedPreKeys data"}
{"level":30,"time":"2026-04-08T07:37:26.969Z","msg":"[SignalProtocolStore] Finished caching preKeys data"}
{"level":30,"time":"2026-04-08T07:37:26.976Z","msg":"[ConversationController] checkForConflicts: starting..."}
{"level":30,"time":"2026-04-08T07:37:26.977Z","msg":"[ConversationController] checkForConflicts: complete!"}
{"level":30,"time":"2026-04-08T07:37:26.978Z","msg":"[donations] _getWorkflowFromStorage: No workflow found in storage"}
{"level":30,"time":"2026-04-08T07:37:26.979Z","msg":"[Storage] getItemsState: now preparing copy of items..."}
{"level":30,"time":"2026-04-08T07:37:26.986Z","msg":"[JobQueue] conversation job queue: starting to stream jobs"}
{"level":30,"time":"2026-04-08T07:37:26.986Z","msg":"[JobQueueDatabaseStore] fetching existing jobs for queue \"conversation\""}
{"level":30,"time":"2026-04-08T07:37:26.986Z","msg":"[JobQueue] groupAvatar job queue: starting to stream jobs"}
{"level":30,"time":"2026-04-08T07:37:26.986Z","msg":"[JobQueueDatabaseStore] fetching existing jobs for queue \"groupAvatar\""}
{"level":30,"time":"2026-04-08T07:37:26.986Z","msg":"[JobQueue] single proto job queue: starting to stream jobs"}
{"level":30,"time":"2026-04-08T07:37:26.986Z","msg":"[JobQueueDatabaseStore] fetching existing jobs for queue \"single proto\""}
{"level":30,"time":"2026-04-08T07:37:26.987Z","msg":"[JobQueue] read sync job queue: starting to stream jobs"}
{"level":30,"time":"2026-04-08T07:37:26.987Z","msg":"[JobQueueDatabaseStore] fetching existing jobs for queue \"read sync\""}
{"level":30,"time":"2026-04-08T07:37:26.987Z","msg":"[JobQueue] view sync job queue: starting to stream jobs"}
{"level":30,"time":"2026-04-08T07:37:26.987Z","msg":"[JobQueueDatabaseStore] fetching existing jobs for queue \"view sync\""}
{"level":30,"time":"2026-04-08T07:37:26.987Z","msg":"[JobQueue] view once open sync job queue: starting to stream jobs"}
{"level":30,"time":"2026-04-08T07:37:26.987Z","msg":"[JobQueueDatabaseStore] fetching existing jobs for queue \"view once open sync\""}
{"level":30,"time":"2026-04-08T07:37:26.987Z","msg":"[JobQueue] delete downloads job queue: starting to stream jobs"}
{"level":30,"time":"2026-04-08T07:37:26.987Z","msg":"[JobQueueDatabaseStore] fetching existing jobs for queue \"delete downloads\""}
{"level":30,"time":"2026-04-08T07:37:26.987Z","msg":"[JobQueue] remove storage key job queue: starting to stream jobs"}
{"level":30,"time":"2026-04-08T07:37:26.987Z","msg":"[JobQueueDatabaseStore] fetching existing jobs for queue \"remove storage key\""}
{"level":30,"time":"2026-04-08T07:37:26.987Z","msg":"[JobQueue] report spam job queue: starting to stream jobs"}
{"level":30,"time":"2026-04-08T07:37:26.987Z","msg":"[JobQueueDatabaseStore] fetching existing jobs for queue \"report spam\""}
{"level":30,"time":"2026-04-08T07:37:26.987Z","msg":"[JobQueue] call link refresh job queue: starting to stream jobs"}
{"level":30,"time":"2026-04-08T07:37:26.987Z","msg":"[JobQueueDatabaseStore] fetching existing jobs for queue \"call link refresh\""}
{"level":30,"time":"2026-04-08T07:37:26.988Z","msg":"[ExpiringEntityCleanupService] [ChatFolders] start(initializeAllJobQueues) starting"}
{"level":30,"time":"2026-04-08T07:37:26.988Z","msg":"[ExpiringEntityCleanupService] [ChatFolders] deleting expired entities"}
{"level":30,"time":"2026-04-08T07:37:26.988Z","msg":"[ExpiringEntityCleanupService] [PinnedMessages] start(initializeAllJobQueues) starting"}
{"level":30,"time":"2026-04-08T07:37:26.988Z","msg":"[ExpiringEntityCleanupService] [PinnedMessages] deleting expired entities"}
{"level":30,"time":"2026-04-08T07:37:26.988Z","msg":"[challenge] loading 0 challenges"}
{"level":30,"time":"2026-04-08T07:37:26.989Z","msg":"[networkObserver] Initializing network observer"}
{"level":30,"time":"2026-04-08T07:37:26.990Z","msg":"[badgeImageFileDownloader] BadgeDownloader#checkForFilesToDownload: downloading 0 badge(s)"}
{"level":30,"time":"2026-04-08T07:37:26.991Z","msg":"[CheckScheduler] [KeyTransparency] running the check at 2026-04-09T19:17:13.776Z"}
{"level":30,"time":"2026-04-08T07:37:26.991Z","msg":"[background] Blocked uuids cleanup: starting..."}
{"level":30,"time":"2026-04-08T07:37:26.991Z","msg":"[background] Blocked uuids cleanup: complete"}
{"level":30,"time":"2026-04-08T07:37:26.991Z","msg":"[background] Expiration start timestamp cleanup: starting..."}
{"level":30,"time":"2026-04-08T07:37:26.991Z","msg":"[JobQueueDatabaseStore] finished fetching existing 0 jobs for queue \"read sync\""}
{"level":30,"time":"2026-04-08T07:37:26.991Z","msg":"[JobQueueDatabaseStore] finished fetching existing 0 jobs for queue \"single proto\""}
{"level":30,"time":"2026-04-08T07:37:26.991Z","msg":"[JobQueueDatabaseStore] finished fetching existing 0 jobs for queue \"groupAvatar\""}
{"level":30,"time":"2026-04-08T07:37:26.991Z","msg":"[JobQueueDatabaseStore] finished fetching existing 0 jobs for queue \"conversation\""}
{"level":30,"time":"2026-04-08T07:37:26.992Z","msg":"[JobQueueDatabaseStore] finished fetching existing 0 jobs for queue \"view sync\""}
{"level":30,"time":"2026-04-08T07:37:26.992Z","msg":"[JobQueueDatabaseStore] finished fetching existing 0 jobs for queue \"view once open sync\""}
{"level":30,"time":"2026-04-08T07:37:26.992Z","msg":"[JobQueueDatabaseStore] finished fetching existing 0 jobs for queue \"delete downloads\""}
{"level":30,"time":"2026-04-08T07:37:26.992Z","msg":"[CallLinkFinalizeDeleteManager] CallLinkDeleteJobType/enqueueAllDeletedCallLinks: Found 0 call links to delete"}
{"level":30,"time":"2026-04-08T07:37:26.992Z","msg":"[JobManager] CallLinkFinalizeDeleteManager: starting"}
{"level":30,"time":"2026-04-08T07:37:26.992Z","msg":"[ExpiringEntityCleanupService] [ChatFolders] deleted 0 entities: "}
{"level":30,"time":"2026-04-08T07:37:26.993Z","msg":"[JobQueueDatabaseStore] finished fetching existing 0 jobs for queue \"call link refresh\""}
{"level":30,"time":"2026-04-08T07:37:26.993Z","msg":"[JobQueueDatabaseStore] finished fetching existing 0 jobs for queue \"report spam\""}
{"level":30,"time":"2026-04-08T07:37:26.994Z","msg":"[JobQueueDatabaseStore] finished fetching existing 0 jobs for queue \"remove storage key\""}
{"level":30,"time":"2026-04-08T07:37:26.995Z","msg":"[ExpiringEntityCleanupService] [PinnedMessages] deleted 0 entities: "}
{"level":30,"time":"2026-04-08T07:37:26.996Z","msg":"[background] Expiration start timestamp cleanup: Found 0 messages for cleanup"}
{"level":30,"time":"2026-04-08T07:37:26.996Z","msg":"[background] Expiration start timestamp cleanup: Canceling update; we don't have our own UUID"}
{"level":30,"time":"2026-04-08T07:37:26.997Z","msg":"[background] Expiration start timestamp cleanup: complete"}
{"level":30,"time":"2026-04-08T07:37:26.997Z","msg":"[syncTasks] Fetching tasks"}
{"level":30,"time":"2026-04-08T07:37:26.997Z","msg":"[ExpiringEntityCleanupService] [ChatFolders] no expiring entity found"}
{"level":30,"time":"2026-04-08T07:37:26.999Z","msg":"[ExpiringEntityCleanupService] [PinnedMessages] no expiring entity found"}
{"level":30,"time":"2026-04-08T07:37:27.000Z","msg":"[syncTasks] Startup/syncTasks: No sync tasks to process, stopping"}
{"level":30,"time":"2026-04-08T07:37:27.002Z","msg":"[notificationProfilesService] notificationProfileService: starting"}
{"level":30,"time":"2026-04-08T07:37:27.015Z","msg":"[notificationProfilesService] notificationProfileService: finding next profile event"}
{"level":30,"time":"2026-04-08T07:37:27.016Z","msg":"[notificationProfilesService] notificationProfileService: no future event found. setting no timeout"}
{"level":30,"time":"2026-04-08T07:37:27.016Z","msg":"[Provisioner] starting"}
{"level":30,"time":"2026-04-08T07:37:27.019Z","msg":"[@signalapp/libsignal-client] connecting provisioning chat libsignal_bridge_types::net::chat rust/bridge/shared/types/src/net/chat.rs:470"}
{"level":30,"time":"2026-04-08T07:37:27.019Z","msg":"[@signalapp/libsignal-client] [provisioning] starting connection attempt with 1 routes libsignal_net::connect_state rust/net/src/connect_state.rs:572"}
{"level":30,"time":"2026-04-08T07:37:27.027Z","msg":"[expiration] Build expires (local): 2026-06-30T23:14:59.000Z"}
{"level":30,"time":"2026-04-08T07:37:27.468Z","msg":"[storage] storageServiceUploadJob(new conversation): called before enabled "}
{"level":30,"time":"2026-04-08T07:37:28.002Z","msg":"[expiringMessagesDeletion] checkExpiringMessages: checking for expiring messages"}
{"level":30,"time":"2026-04-08T07:37:28.003Z","msg":"[expiringMessagesDeletion] checkExpiringMessages: found no messages to expire"}
{"level":30,"time":"2026-04-08T07:37:28.083Z","msg":"[@signalapp/libsignal-client] [provisioning] connection through chat.signal.org:443 (direct) succeeded after 1.065s libsignal_net::connect_state rust/net/src/connect_state.rs:615"}
{"level":30,"time":"2026-04-08T07:37:28.083Z","msg":"[@signalapp/libsignal-client] successfully connected provisioning chat libsignal_bridge_types::net::chat rust/bridge/shared/types/src/net/chat.rs:512"}
{"level":30,"time":"2026-04-08T07:37:28.119Z","msg":"[Provisioner] Provisioner.loop(0): connected, refreshing in 45000ms"}
{"level":30,"time":"2026-04-08T07:37:28.119Z","msg":"[@signalapp/libsignal-client] acknowledging provisioning address with 200 OK libsignal_net::chat::server_requests rust/net/src/chat/server_requests.rs:241"}
{"level":30,"time":"2026-04-08T07:37:29.668Z","msg":"[background] shutdown"}
{"level":30,"time":"2026-04-08T07:37:29.669Z","msg":"[AttachmentBackupManager] stopping"}
{"level":40,"time":"2026-04-08T07:37:29.669Z","msg":"[WebAPI] cancelInflightRequests/Shutdown: Canceling 0 requests"}
{"level":40,"time":"2026-04-08T07:37:29.669Z","msg":"[WebAPI] cancelInflightRequests/Shutdown: Done"}
{"level":30,"time":"2026-04-08T07:37:29.669Z","msg":"[background] shutdown: shutting down messageReceiver"}
{"level":30,"time":"2026-04-08T07:37:29.669Z","msg":"[MessageReceiver] stopProcessing"}
{"level":30,"time":"2026-04-08T07:37:29.669Z","msg":"[batcher] waitForAllBatchers"}
{"level":30,"time":"2026-04-08T07:37:29.669Z","msg":"[batcher] Flushing sql.Client.updateConversationBatcher batcher items.length=0"}
{"level":30,"time":"2026-04-08T07:37:29.669Z","msg":"[batcher] Flushing complete sql.Client.updateConversationBatcher for batcher"}
{"level":30,"time":"2026-04-08T07:37:29.669Z","msg":"[batcher] Flushing deliveryReceiptBatcher batcher items.length=0"}
{"level":30,"time":"2026-04-08T07:37:29.669Z","msg":"[batcher] Flushing complete deliveryReceiptBatcher for batcher"}
{"level":30,"time":"2026-04-08T07:37:29.669Z","msg":"[batcher] Flushing changedConvoBatcher batcher items.length=0"}
{"level":30,"time":"2026-04-08T07:37:29.669Z","msg":"[batcher] Flushing complete changedConvoBatcher for batcher"}
{"level":30,"time":"2026-04-08T07:37:29.669Z","msg":"[batcher] Flushing respondWithProfileKeyBatcher batcher items.length=0"}
{"level":30,"time":"2026-04-08T07:37:29.669Z","msg":"[batcher] Flushing complete respondWithProfileKeyBatcher for batcher"}
{"level":30,"time":"2026-04-08T07:37:29.669Z","msg":"[batcher] Flushing MessageReceiver.decryptAndCacheBatcher batcher items.length=0"}
{"level":30,"time":"2026-04-08T07:37:29.669Z","msg":"[batcher] Flushing complete MessageReceiver.decryptAndCacheBatcher for batcher"}
{"level":30,"time":"2026-04-08T07:37:29.670Z","msg":"[batcher] Flushing MessageReceiver.cacheRemoveBatcher batcher items.length=0"}
{"level":30,"time":"2026-04-08T07:37:29.670Z","msg":"[batcher] Flushing complete MessageReceiver.cacheRemoveBatcher for batcher"}
{"level":30,"time":"2026-04-08T07:37:29.670Z","msg":"[background] shutdown: flushing conversations"}
{"level":30,"time":"2026-04-08T07:37:29.670Z","msg":"[sleeper] shutting down, settling 0 in-progress sleep calls"}
{"level":30,"time":"2026-04-08T07:37:29.670Z","msg":"[sleeper] sleep tasks settled"}
{"level":30,"time":"2026-04-08T07:37:29.670Z","msg":"[background] shutdown: shutting down queues"}
{"level":30,"time":"2026-04-08T07:37:29.670Z","msg":"[StartupQueue] Waiting for 0 tasks to drain"}
{"level":30,"time":"2026-04-08T07:37:29.670Z","msg":"[JobQueue] call link refresh job queue: shutdown: stop accepting new work and drain 1 promise queues"}
{"level":30,"time":"2026-04-08T07:37:29.670Z","msg":"[JobQueue] conversation job queue: shutdown: stop accepting new work and drain 0 promise queues"}
{"level":30,"time":"2026-04-08T07:37:29.670Z","msg":"[JobQueue] groupAvatar job queue: shutdown: stop accepting new work and drain 1 promise queues"}
{"level":30,"time":"2026-04-08T07:37:29.670Z","msg":"[JobQueue] single proto job queue: shutdown: stop accepting new work and drain 1 promise queues"}
{"level":30,"time":"2026-04-08T07:37:29.670Z","msg":"[JobQueue] read sync job queue: shutdown: stop accepting new work and drain 1 promise queues"}
{"level":30,"time":"2026-04-08T07:37:29.670Z","msg":"[JobQueue] view sync job queue: shutdown: stop accepting new work and drain 1 promise queues"}
{"level":30,"time":"2026-04-08T07:37:29.670Z","msg":"[JobQueue] view once open sync job queue: shutdown: stop accepting new work and drain 1 promise queues"}
{"level":30,"time":"2026-04-08T07:37:29.670Z","msg":"[JobQueue] remove storage key job queue: shutdown: stop accepting new work and drain 1 promise queues"}
{"level":30,"time":"2026-04-08T07:37:29.671Z","msg":"[JobQueue] report spam job queue: shutdown: stop accepting new work and drain 1 promise queues"}
{"level":30,"time":"2026-04-08T07:37:29.671Z","msg":"[JobManager] CallLinkFinalizeDeleteManager: stopping. There are 0 active job(s)"}
{"level":30,"time":"2026-04-08T07:37:29.671Z","msg":"[ExpiringEntityCleanupService] [ChatFolders] stop(shutdownAllJobQueues) stopping"}
{"level":30,"time":"2026-04-08T07:37:29.671Z","msg":"[ExpiringEntityCleanupService] [ChatFolders] deleting expired entities"}
{"level":30,"time":"2026-04-08T07:37:29.671Z","msg":"[ExpiringEntityCleanupService] [PinnedMessages] stop(shutdownAllJobQueues) stopping"}
{"level":30,"time":"2026-04-08T07:37:29.671Z","msg":"[ExpiringEntityCleanupService] [PinnedMessages] deleting expired entities"}
{"level":30,"time":"2026-04-08T07:37:29.671Z","msg":"[JobQueue] conversation job queue: shutdown: complete"}
{"level":30,"time":"2026-04-08T07:37:29.671Z","msg":"[JobQueue] call link refresh job queue: shutdown: complete"}
{"level":30,"time":"2026-04-08T07:37:29.671Z","msg":"[JobQueue] groupAvatar job queue: shutdown: complete"}
{"level":30,"time":"2026-04-08T07:37:29.671Z","msg":"[JobQueue] single proto job queue: shutdown: complete"}
{"level":30,"time":"2026-04-08T07:37:29.671Z","msg":"[JobQueue] read sync job queue: shutdown: complete"}
{"level":30,"time":"2026-04-08T07:37:29.671Z","msg":"[JobQueue] view sync job queue: shutdown: complete"}
{"level":30,"time":"2026-04-08T07:37:29.671Z","msg":"[JobQueue] view once open sync job queue: shutdown: complete"}
{"level":30,"time":"2026-04-08T07:37:29.671Z","msg":"[JobQueue] remove storage key job queue: shutdown: complete"}
{"level":30,"time":"2026-04-08T07:37:29.672Z","msg":"[JobQueue] report spam job queue: shutdown: complete"}
{"level":30,"time":"2026-04-08T07:37:29.673Z","msg":"[ExpiringEntityCleanupService] [ChatFolders] deleted 0 entities: "}
{"level":30,"time":"2026-04-08T07:37:29.673Z","msg":"[ExpiringEntityCleanupService] [PinnedMessages] deleted 0 entities: "}
{"level":30,"time":"2026-04-08T07:37:29.673Z","msg":"[background] shutdown: shutting down conversation queues"}
{"level":30,"time":"2026-04-08T07:37:29.673Z","msg":"[conversations] conversation [REDACTED]111 ([REDACTED]1e6) jobQueue shutdown start"}
{"level":30,"time":"2026-04-08T07:37:29.673Z","msg":"[conversations] conversation [REDACTED]111 ([REDACTED]1e6) no jobQueue to shutdown"}
{"level":30,"time":"2026-04-08T07:37:29.673Z","msg":"[background] shutdown: all queues shutdown"}
{"level":30,"time":"2026-04-08T07:37:29.674Z","msg":"[background] shutdown: waiting for all batchers"}
{"level":30,"time":"2026-04-08T07:37:29.674Z","msg":"[batcher] waitForAllBatchers"}
{"level":30,"time":"2026-04-08T07:37:29.674Z","msg":"[batcher] Flushing sql.Client.updateConversationBatcher batcher items.length=0"}
{"level":30,"time":"2026-04-08T07:37:29.674Z","msg":"[batcher] Flushing complete sql.Client.updateConversationBatcher for batcher"}
{"level":30,"time":"2026-04-08T07:37:29.674Z","msg":"[batcher] Flushing deliveryReceiptBatcher batcher items.length=0"}
{"level":30,"time":"2026-04-08T07:37:29.674Z","msg":"[batcher] Flushing complete deliveryReceiptBatcher for batcher"}
{"level":30,"time":"2026-04-08T07:37:29.674Z","msg":"[batcher] Flushing changedConvoBatcher batcher items.length=0"}
{"level":30,"time":"2026-04-08T07:37:29.674Z","msg":"[batcher] Flushing complete changedConvoBatcher for batcher"}
{"level":30,"time":"2026-04-08T07:37:29.674Z","msg":"[batcher] Flushing respondWithProfileKeyBatcher batcher items.length=0"}
{"level":30,"time":"2026-04-08T07:37:29.674Z","msg":"[batcher] Flushing complete respondWithProfileKeyBatcher for batcher"}
{"level":30,"time":"2026-04-08T07:37:29.674Z","msg":"[batcher] Flushing MessageReceiver.decryptAndCacheBatcher batcher items.length=0"}
{"level":30,"time":"2026-04-08T07:37:29.674Z","msg":"[batcher] Flushing complete MessageReceiver.decryptAndCacheBatcher for batcher"}
{"level":30,"time":"2026-04-08T07:37:29.674Z","msg":"[batcher] Flushing MessageReceiver.cacheRemoveBatcher batcher items.length=0"}
{"level":30,"time":"2026-04-08T07:37:29.674Z","msg":"[batcher] Flushing complete MessageReceiver.cacheRemoveBatcher for batcher"}
{"level":30,"time":"2026-04-08T07:37:29.674Z","msg":"[waitBatcher] waitForAllWaitBatchers"}
{"level":30,"time":"2026-04-08T07:37:29.674Z","msg":"[background] shutdown: waiting for all attachment backups & downloads to finish"}
{"level":30,"time":"2026-04-08T07:37:29.674Z","msg":"[background] shutdown: closing the database"}
{"level":30,"time":"2026-04-08T07:37:29.674Z","msg":"[Client] shutdown"}
{"level":30,"time":"2026-04-08T07:37:29.674Z","msg":"[channels] data.shutdown: shutdown requested. 0 jobs outstanding"}
{"level":30,"time":"2026-04-08T07:37:29.697Z","msg":"[notifications] NotificationService: clearing notification and updating"}
{"level":30,"time":"2026-04-08T07:37:29.698Z","msg":"[notifications] NotificationService not updating notifications. Notifications are disabled; app is not focused; there is no notification data"}
{"level":40,"time":"2026-04-08T13:57:32.963Z","msg":"[setupI18nMain] intl.onWarn [@formatjs/intl] \"defaultRichTextElements\" was specified but \"message\" was not pre-compiled. \nPlease consider using \"@formatjs/cli\" to pre-compile your messages for performance.\nFor more details see https://formatjs.github.io/docs/getting-started/message-distribution"}
{"level":40,"time":"2026-04-08T13:57:32.966Z","msg":"[setupI18nMain] intl.onWarn [@formatjs/intl] \"defaultRichTextElements\" was specified but \"message\" was not pre-compiled. \nPlease consider using \"@formatjs/cli\" to pre-compile your messages for performance.\nFor more details see https://formatjs.github.io/docs/getting-started/message-distribution"}
{"level":30,"time":"2026-04-08T13:57:33.017Z","msg":"[preconnect] libsignal net url: https://chat.signal.org"}
{"level":30,"time":"2026-04-08T13:57:33.017Z","msg":"[preconnect] libsignal net environment resolved to prod"}
{"level":30,"time":"2026-04-08T13:57:33.027Z","msg":"[preconnect] WebAPI: preconnect start"}
{"level":30,"time":"2026-04-08T13:57:33.513Z","msg":"[profiles] Profile Service initialized"}
{"level":30,"time":"2026-04-08T13:57:33.691Z","msg":"[preload] complete"}
{"level":30,"time":"2026-04-08T13:57:33.695Z","msg":"[@signalapp/libsignal-client] Initializing libsignal version:0.89.2 signal_node::logging rust/bridge/node/src/logging.rs:204"}
{"level":30,"time":"2026-04-08T13:57:33.786Z","msg":"[notifications] NotificationService initialized"}
{"level":30,"time":"2026-04-08T13:57:33.809Z","msg":"[incrementMessageCounter] initializeMessageCounter: picking stored counter"}
{"level":30,"time":"2026-04-08T13:57:33.809Z","msg":"[ourProfileKey] Our profile key service: initializing"}
{"level":30,"time":"2026-04-08T13:57:33.811Z","msg":"[background] page reloaded"}
{"level":30,"time":"2026-04-08T13:57:33.811Z","msg":"[background] environment: production"}
{"level":30,"time":"2026-04-08T13:57:33.822Z","msg":"[background] Storage fetch"}
{"level":30,"time":"2026-04-08T13:57:33.830Z","msg":"[buildExpiration] Build expires (local): 2026-06-30T23:14:59.000Z"}
{"level":30,"time":"2026-04-08T13:57:33.831Z","msg":"[LibsignalNetRemoteConfig] Setting libsignal-net remote config {}"}
{"level":30,"time":"2026-04-08T13:57:33.834Z","msg":"[SocketManager] reconnecting after setting hasStoriesDisabled=false"}
{"level":30,"time":"2026-04-08T13:57:33.834Z","msg":"[SocketManager] reconnect: starting..."}
{"level":30,"time":"2026-04-08T13:57:33.834Z","msg":"[SocketManager] reconnect: complete."}
{"level":30,"time":"2026-04-08T13:57:33.834Z","msg":"[background] Initializing MessageReceiver"}
{"level":30,"time":"2026-04-08T13:57:33.835Z","msg":"[senderCertificate] Sender certificate service initialized"}
{"level":30,"time":"2026-04-08T13:57:33.836Z","msg":"[buildExpiration] Build expires (local): 2026-06-30T23:14:59.000Z"}
{"level":30,"time":"2026-04-08T13:57:33.836Z","msg":"[buildExpiration] expires in 7204645164ms"}
{"level":40,"time":"2026-04-08T13:57:33.838Z","msg":"[SocketManager] authenticate was called without credentials"}
{"level":30,"time":"2026-04-08T13:57:33.861Z","msg":"[background] Starting background data migration. Target version: 15"}
{"level":30,"time":"2026-04-08T13:57:33.862Z","msg":"[retryPlaceholders] constructor: Started with 0 items, lifespan of 3600000"}
{"level":30,"time":"2026-04-08T13:57:33.863Z","msg":"[ConversationController] starting initial fetch"}
{"level":30,"time":"2026-04-08T13:57:33.868Z","msg":"[ConversationController] done with initial fetch, got 1 conversations"}
{"level":30,"time":"2026-04-08T13:57:33.873Z","msg":"[SignalProtocolStore] Finished caching identityKeys data"}
{"level":30,"time":"2026-04-08T13:57:33.873Z","msg":"[SignalProtocolStore] Finished caching senderKeys data"}
{"level":30,"time":"2026-04-08T13:57:33.873Z","msg":"[SignalProtocolStore] Finished caching preKeys data"}
{"level":30,"time":"2026-04-08T13:57:33.874Z","msg":"[SignalProtocolStore] Finished caching sessions data"}
{"level":30,"time":"2026-04-08T13:57:33.874Z","msg":"[SignalProtocolStore] Finished caching kyberPreKeys data"}
{"level":30,"time":"2026-04-08T13:57:33.874Z","msg":"[SignalProtocolStore] Finished caching signedPreKeys data"}
{"level":30,"time":"2026-04-08T13:57:33.883Z","msg":"[ConversationController] checkForConflicts: starting..."}
{"level":30,"time":"2026-04-08T13:57:33.884Z","msg":"[ConversationController] checkForConflicts: complete!"}
{"level":30,"time":"2026-04-08T13:57:33.884Z","msg":"[donations] _getWorkflowFromStorage: No workflow found in storage"}
{"level":30,"time":"2026-04-08T13:57:33.885Z","msg":"[Storage] getItemsState: now preparing copy of items..."}
{"level":30,"time":"2026-04-08T13:57:33.891Z","msg":"[JobQueue] conversation job queue: starting to stream jobs"}
{"level":30,"time":"2026-04-08T13:57:33.891Z","msg":"[JobQueueDatabaseStore] fetching existing jobs for queue \"conversation\""}
{"level":30,"time":"2026-04-08T13:57:33.892Z","msg":"[JobQueue] groupAvatar job queue: starting to stream jobs"}
{"level":30,"time":"2026-04-08T13:57:33.892Z","msg":"[JobQueueDatabaseStore] fetching existing jobs for queue \"groupAvatar\""}
{"level":30,"time":"2026-04-08T13:57:33.892Z","msg":"[JobQueue] single proto job queue: starting to stream jobs"}
{"level":30,"time":"2026-04-08T13:57:33.892Z","msg":"[JobQueueDatabaseStore] fetching existing jobs for queue \"single proto\""}
{"level":30,"time":"2026-04-08T13:57:33.892Z","msg":"[JobQueue] read sync job queue: starting to stream jobs"}
{"level":30,"time":"2026-04-08T13:57:33.892Z","msg":"[JobQueueDatabaseStore] fetching existing jobs for queue \"read sync\""}
{"level":30,"time":"2026-04-08T13:57:33.892Z","msg":"[JobQueue] view sync job queue: starting to stream jobs"}
{"level":30,"time":"2026-04-08T13:57:33.893Z","msg":"[JobQueueDatabaseStore] fetching existing jobs for queue \"view sync\""}
{"level":30,"time":"2026-04-08T13:57:33.893Z","msg":"[JobQueue] view once open sync job queue: starting to stream jobs"}
{"level":30,"time":"2026-04-08T13:57:33.894Z","msg":"[JobQueueDatabaseStore] fetching existing jobs for queue \"view once open sync\""}
{"level":30,"time":"2026-04-08T13:57:33.894Z","msg":"[JobQueue] delete downloads job queue: starting to stream jobs"}
{"level":30,"time":"2026-04-08T13:57:33.894Z","msg":"[JobQueueDatabaseStore] fetching existing jobs for queue \"delete downloads\""}
{"level":30,"time":"2026-04-08T13:57:33.894Z","msg":"[JobQueue] remove storage key job queue: starting to stream jobs"}
{"level":30,"time":"2026-04-08T13:57:33.894Z","msg":"[JobQueueDatabaseStore] fetching existing jobs for queue \"remove storage key\""}
{"level":30,"time":"2026-04-08T13:57:33.894Z","msg":"[JobQueue] report spam job queue: starting to stream jobs"}
{"level":30,"time":"2026-04-08T13:57:33.894Z","msg":"[JobQueueDatabaseStore] fetching existing jobs for queue \"report spam\""}
{"level":30,"time":"2026-04-08T13:57:33.894Z","msg":"[JobQueue] call link refresh job queue: starting to stream jobs"}
{"level":30,"time":"2026-04-08T13:57:33.894Z","msg":"[JobQueueDatabaseStore] fetching existing jobs for queue \"call link refresh\""}
{"level":30,"time":"2026-04-08T13:57:33.895Z","msg":"[ExpiringEntityCleanupService] [ChatFolders] start(initializeAllJobQueues) starting"}
{"level":30,"time":"2026-04-08T13:57:33.895Z","msg":"[ExpiringEntityCleanupService] [ChatFolders] deleting expired entities"}
{"level":30,"time":"2026-04-08T13:57:33.896Z","msg":"[ExpiringEntityCleanupService] [PinnedMessages] start(initializeAllJobQueues) starting"}
{"level":30,"time":"2026-04-08T13:57:33.896Z","msg":"[ExpiringEntityCleanupService] [PinnedMessages] deleting expired entities"}
{"level":30,"time":"2026-04-08T13:57:33.896Z","msg":"[challenge] loading 0 challenges"}
{"level":30,"time":"2026-04-08T13:57:33.896Z","msg":"[networkObserver] Initializing network observer"}
{"level":30,"time":"2026-04-08T13:57:33.898Z","msg":"[badgeImageFileDownloader] BadgeDownloader#checkForFilesToDownload: downloading 0 badge(s)"}
{"level":30,"time":"2026-04-08T13:57:33.899Z","msg":"[CheckScheduler] [KeyTransparency] running the check at 2026-04-11T18:14:20.998Z"}
{"level":30,"time":"2026-04-08T13:57:33.899Z","msg":"[background] Blocked uuids cleanup: starting..."}
{"level":30,"time":"2026-04-08T13:57:33.899Z","msg":"[background] Blocked uuids cleanup: complete"}
{"level":30,"time":"2026-04-08T13:57:33.899Z","msg":"[background] Expiration start timestamp cleanup: starting..."}
{"level":30,"time":"2026-04-08T13:57:33.899Z","msg":"[@signalapp/libsignal-client] [preconnect 2 V6] TCP connection failed: kind=NetworkUnreachable, errno=Some(101) libsignal_net_infra::tcp_ssl rust/net/infra/src/tcp_ssl.rs:121"}
{"level":30,"time":"2026-04-08T13:57:33.899Z","msg":"[@signalapp/libsignal-client] [preconnect 2 V6] TCP failed after 30.452µs: Failed to establish TCP connection to any of the IPs libsignal_net_infra::route::connect::logging rust/net/infra/src/route/connect/logging.rs:95"}
{"level":30,"time":"2026-04-08T13:57:33.901Z","msg":"[JobQueueDatabaseStore] finished fetching existing 0 jobs for queue \"single proto\""}
{"level":30,"time":"2026-04-08T13:57:33.901Z","msg":"[JobQueueDatabaseStore] finished fetching existing 0 jobs for queue \"groupAvatar\""}
{"level":30,"time":"2026-04-08T13:57:33.902Z","msg":"[JobQueueDatabaseStore] finished fetching existing 0 jobs for queue \"conversation\""}
{"level":30,"time":"2026-04-08T13:57:33.902Z","msg":"[JobQueueDatabaseStore] finished fetching existing 0 jobs for queue \"view once open sync\""}
{"level":30,"time":"2026-04-08T13:57:33.902Z","msg":"[JobQueueDatabaseStore] finished fetching existing 0 jobs for queue \"delete downloads\""}
{"level":30,"time":"2026-04-08T13:57:33.902Z","msg":"[JobQueueDatabaseStore] finished fetching existing 0 jobs for queue \"view sync\""}
{"level":30,"time":"2026-04-08T13:57:33.902Z","msg":"[JobQueueDatabaseStore] finished fetching existing 0 jobs for queue \"read sync\""}
{"level":30,"time":"2026-04-08T13:57:33.902Z","msg":"[JobQueueDatabaseStore] finished fetching existing 0 jobs for queue \"remove storage key\""}
{"level":30,"time":"2026-04-08T13:57:33.902Z","msg":"[ExpiringEntityCleanupService] [ChatFolders] deleted 0 entities: "}
{"level":30,"time":"2026-04-08T13:57:33.903Z","msg":"[JobQueueDatabaseStore] finished fetching existing 0 jobs for queue \"call link refresh\""}
{"level":30,"time":"2026-04-08T13:57:33.903Z","msg":"[JobQueueDatabaseStore] finished fetching existing 0 jobs for queue \"report spam\""}
{"level":30,"time":"2026-04-08T13:57:33.904Z","msg":"[ExpiringEntityCleanupService] [PinnedMessages] deleted 0 entities: "}
{"level":30,"time":"2026-04-08T13:57:33.904Z","msg":"[CallLinkFinalizeDeleteManager] CallLinkDeleteJobType/enqueueAllDeletedCallLinks: Found 0 call links to delete"}
{"level":30,"time":"2026-04-08T13:57:33.904Z","msg":"[JobManager] CallLinkFinalizeDeleteManager: starting"}
{"level":30,"time":"2026-04-08T13:57:33.905Z","msg":"[background] Expiration start timestamp cleanup: Found 0 messages for cleanup"}
{"level":30,"time":"2026-04-08T13:57:33.905Z","msg":"[background] Expiration start timestamp cleanup: Canceling update; we don't have our own UUID"}
{"level":30,"time":"2026-04-08T13:57:33.905Z","msg":"[background] Expiration start timestamp cleanup: complete"}
{"level":30,"time":"2026-04-08T13:57:33.905Z","msg":"[syncTasks] Fetching tasks"}
{"level":30,"time":"2026-04-08T13:57:33.905Z","msg":"[ExpiringEntityCleanupService] [ChatFolders] no expiring entity found"}
{"level":30,"time":"2026-04-08T13:57:33.906Z","msg":"[ExpiringEntityCleanupService] [PinnedMessages] no expiring entity found"}
{"level":30,"time":"2026-04-08T13:57:33.907Z","msg":"[syncTasks] Startup/syncTasks: No sync tasks to process, stopping"}
{"level":30,"time":"2026-04-08T13:57:33.910Z","msg":"[notificationProfilesService] notificationProfileService: starting"}
{"level":30,"time":"2026-04-08T13:57:33.923Z","msg":"[notificationProfilesService] notificationProfileService: finding next profile event"}
{"level":30,"time":"2026-04-08T13:57:33.924Z","msg":"[notificationProfilesService] notificationProfileService: no future event found. setting no timeout"}
{"level":30,"time":"2026-04-08T13:57:33.925Z","msg":"[Provisioner] starting"}
{"level":30,"time":"2026-04-08T13:57:33.926Z","msg":"[@signalapp/libsignal-client] [preconnect] connection succeeded after 875.640ms libsignal_net::connect_state rust/net/src/connect_state.rs:835"}
{"level":30,"time":"2026-04-08T13:57:33.926Z","msg":"[preconnect] WebAPI: preconnect done"}
{"level":30,"time":"2026-04-08T13:57:33.937Z","msg":"[expiration] Build expires (local): 2026-06-30T23:14:59.000Z"}
{"level":30,"time":"2026-04-08T13:57:34.028Z","msg":"[@signalapp/libsignal-client] connecting provisioning chat libsignal_bridge_types::net::chat rust/bridge/shared/types/src/net/chat.rs:470"}
{"level":30,"time":"2026-04-08T13:57:34.029Z","msg":"[@signalapp/libsignal-client] [provisioning] starting connection attempt with 1 routes libsignal_net::connect_state rust/net/src/connect_state.rs:572"}
{"level":30,"time":"2026-04-08T13:57:34.910Z","msg":"[expiringMessagesDeletion] checkExpiringMessages: checking for expiring messages"}
{"level":30,"time":"2026-04-08T13:57:34.912Z","msg":"[expiringMessagesDeletion] checkExpiringMessages: found no messages to expire"}
{"level":30,"time":"2026-04-08T13:57:35.028Z","msg":"[@signalapp/libsignal-client] [provisioning] connection through chat.signal.org:443 (direct) succeeded after 1.101s libsignal_net::connect_state rust/net/src/connect_state.rs:615"}
{"level":30,"time":"2026-04-08T13:57:35.028Z","msg":"[@signalapp/libsignal-client] successfully connected provisioning chat libsignal_bridge_types::net::chat rust/bridge/shared/types/src/net/chat.rs:512"}
{"level":30,"time":"2026-04-08T13:57:35.062Z","msg":"[Provisioner] Provisioner.loop(0): connected, refreshing in 45000ms"}
{"level":30,"time":"2026-04-08T13:57:35.062Z","msg":"[@signalapp/libsignal-client] acknowledging provisioning address with 200 OK libsignal_net::chat::server_requests rust/net/src/chat/server_requests.rs:241"}
{"level":30,"time":"2026-04-08T13:57:35.747Z","msg":"[background] shutdown"}
{"level":30,"time":"2026-04-08T13:57:35.748Z","msg":"[AttachmentBackupManager] stopping"}
{"level":40,"time":"2026-04-08T13:57:35.748Z","msg":"[WebAPI] cancelInflightRequests/Shutdown: Canceling 0 requests"}
{"level":40,"time":"2026-04-08T13:57:35.748Z","msg":"[WebAPI] cancelInflightRequests/Shutdown: Done"}
{"level":30,"time":"2026-04-08T13:57:35.748Z","msg":"[background] shutdown: shutting down messageReceiver"}
{"level":30,"time":"2026-04-08T13:57:35.748Z","msg":"[MessageReceiver] stopProcessing"}
{"level":30,"time":"2026-04-08T13:57:35.748Z","msg":"[batcher] waitForAllBatchers"}
{"level":30,"time":"2026-04-08T13:57:35.748Z","msg":"[batcher] Flushing sql.Client.updateConversationBatcher batcher items.length=0"}
{"level":30,"time":"2026-04-08T13:57:35.749Z","msg":"[batcher] Flushing complete sql.Client.updateConversationBatcher for batcher"}
{"level":30,"time":"2026-04-08T13:57:35.749Z","msg":"[batcher] Flushing deliveryReceiptBatcher batcher items.length=0"}
{"level":30,"time":"2026-04-08T13:57:35.749Z","msg":"[batcher] Flushing complete deliveryReceiptBatcher for batcher"}
{"level":30,"time":"2026-04-08T13:57:35.749Z","msg":"[batcher] Flushing changedConvoBatcher batcher items.length=0"}
{"level":30,"time":"2026-04-08T13:57:35.749Z","msg":"[batcher] Flushing complete changedConvoBatcher for batcher"}
{"level":30,"time":"2026-04-08T13:57:35.749Z","msg":"[batcher] Flushing respondWithProfileKeyBatcher batcher items.length=0"}
{"level":30,"time":"2026-04-08T13:57:35.749Z","msg":"[batcher] Flushing complete respondWithProfileKeyBatcher for batcher"}
{"level":30,"time":"2026-04-08T13:57:35.749Z","msg":"[batcher] Flushing MessageReceiver.decryptAndCacheBatcher batcher items.length=0"}
{"level":30,"time":"2026-04-08T13:57:35.749Z","msg":"[batcher] Flushing complete MessageReceiver.decryptAndCacheBatcher for batcher"}
{"level":30,"time":"2026-04-08T13:57:35.749Z","msg":"[batcher] Flushing MessageReceiver.cacheRemoveBatcher batcher items.length=0"}
{"level":30,"time":"2026-04-08T13:57:35.749Z","msg":"[batcher] Flushing complete MessageReceiver.cacheRemoveBatcher for batcher"}
{"level":30,"time":"2026-04-08T13:57:35.749Z","msg":"[background] shutdown: flushing conversations"}
{"level":30,"time":"2026-04-08T13:57:35.750Z","msg":"[sleeper] shutting down, settling 0 in-progress sleep calls"}
{"level":30,"time":"2026-04-08T13:57:35.750Z","msg":"[sleeper] sleep tasks settled"}
{"level":30,"time":"2026-04-08T13:57:35.750Z","msg":"[background] shutdown: shutting down queues"}
{"level":30,"time":"2026-04-08T13:57:35.750Z","msg":"[StartupQueue] Waiting for 0 tasks to drain"}
{"level":30,"time":"2026-04-08T13:57:35.750Z","msg":"[JobQueue] call link refresh job queue: shutdown: stop accepting new work and drain 1 promise queues"}
{"level":30,"time":"2026-04-08T13:57:35.750Z","msg":"[JobQueue] conversation job queue: shutdown: stop accepting new work and drain 0 promise queues"}
{"level":30,"time":"2026-04-08T13:57:35.750Z","msg":"[JobQueue] groupAvatar job queue: shutdown: stop accepting new work and drain 1 promise queues"}
{"level":30,"time":"2026-04-08T13:57:35.750Z","msg":"[JobQueue] single proto job queue: shutdown: stop accepting new work and drain 1 promise queues"}
{"level":30,"time":"2026-04-08T13:57:35.750Z","msg":"[JobQueue] read sync job queue: shutdown: stop accepting new work and drain 1 promise queues"}
{"level":30,"time":"2026-04-08T13:57:35.751Z","msg":"[JobQueue] view sync job queue: shutdown: stop accepting new work and drain 1 promise queues"}
{"level":30,"time":"2026-04-08T13:57:35.751Z","msg":"[JobQueue] view once open sync job queue: shutdown: stop accepting new work and drain 1 promise queues"}
{"level":30,"time":"2026-04-08T13:57:35.751Z","msg":"[JobQueue] remove storage key job queue: shutdown: stop accepting new work and drain 1 promise queues"}
{"level":30,"time":"2026-04-08T13:57:35.751Z","msg":"[JobQueue] report spam job queue: shutdown: stop accepting new work and drain 1 promise queues"}
{"level":30,"time":"2026-04-08T13:57:35.751Z","msg":"[JobManager] CallLinkFinalizeDeleteManager: stopping. There are 0 active job(s)"}
{"level":30,"time":"2026-04-08T13:57:35.751Z","msg":"[ExpiringEntityCleanupService] [ChatFolders] stop(shutdownAllJobQueues) stopping"}
{"level":30,"time":"2026-04-08T13:57:35.751Z","msg":"[ExpiringEntityCleanupService] [ChatFolders] deleting expired entities"}
{"level":30,"time":"2026-04-08T13:57:35.751Z","msg":"[ExpiringEntityCleanupService] [PinnedMessages] stop(shutdownAllJobQueues) stopping"}
{"level":30,"time":"2026-04-08T13:57:35.751Z","msg":"[ExpiringEntityCleanupService] [PinnedMessages] deleting expired entities"}
{"level":30,"time":"2026-04-08T13:57:35.751Z","msg":"[JobQueue] conversation job queue: shutdown: complete"}
{"level":30,"time":"2026-04-08T13:57:35.751Z","msg":"[JobQueue] call link refresh job queue: shutdown: complete"}
{"level":30,"time":"2026-04-08T13:57:35.752Z","msg":"[JobQueue] groupAvatar job queue: shutdown: complete"}
{"level":30,"time":"2026-04-08T13:57:35.752Z","msg":"[JobQueue] single proto job queue: shutdown: complete"}
{"level":30,"time":"2026-04-08T13:57:35.752Z","msg":"[JobQueue] read sync job queue: shutdown: complete"}
{"level":30,"time":"2026-04-08T13:57:35.752Z","msg":"[JobQueue] view sync job queue: shutdown: complete"}
{"level":30,"time":"2026-04-08T13:57:35.752Z","msg":"[JobQueue] view once open sync job queue: shutdown: complete"}
{"level":30,"time":"2026-04-08T13:57:35.752Z","msg":"[JobQueue] remove storage key job queue: shutdown: complete"}
{"level":30,"time":"2026-04-08T13:57:35.752Z","msg":"[JobQueue] report spam job queue: shutdown: complete"}
{"level":30,"time":"2026-04-08T13:57:35.754Z","msg":"[ExpiringEntityCleanupService] [ChatFolders] deleted 0 entities: "}
{"level":30,"time":"2026-04-08T13:57:35.755Z","msg":"[ExpiringEntityCleanupService] [PinnedMessages] deleted 0 entities: "}
{"level":30,"time":"2026-04-08T13:57:35.755Z","msg":"[background] shutdown: shutting down conversation queues"}
{"level":30,"time":"2026-04-08T13:57:35.755Z","msg":"[conversations] conversation [REDACTED]111 ([REDACTED]1e6) jobQueue shutdown start"}
{"level":30,"time":"2026-04-08T13:57:35.755Z","msg":"[conversations] conversation [REDACTED]111 ([REDACTED]1e6) no jobQueue to shutdown"}
{"level":30,"time":"2026-04-08T13:57:35.755Z","msg":"[background] shutdown: all queues shutdown"}
{"level":30,"time":"2026-04-08T13:57:35.755Z","msg":"[background] shutdown: waiting for all batchers"}
{"level":30,"time":"2026-04-08T13:57:35.755Z","msg":"[batcher] waitForAllBatchers"}
{"level":30,"time":"2026-04-08T13:57:35.755Z","msg":"[batcher] Flushing sql.Client.updateConversationBatcher batcher items.length=0"}
{"level":30,"time":"2026-04-08T13:57:35.755Z","msg":"[batcher] Flushing complete sql.Client.updateConversationBatcher for batcher"}
{"level":30,"time":"2026-04-08T13:57:35.755Z","msg":"[batcher] Flushing deliveryReceiptBatcher batcher items.length=0"}
{"level":30,"time":"2026-04-08T13:57:35.755Z","msg":"[batcher] Flushing complete deliveryReceiptBatcher for batcher"}
{"level":30,"time":"2026-04-08T13:57:35.755Z","msg":"[batcher] Flushing changedConvoBatcher batcher items.length=0"}
{"level":30,"time":"2026-04-08T13:57:35.755Z","msg":"[batcher] Flushing complete changedConvoBatcher for batcher"}
{"level":30,"time":"2026-04-08T13:57:35.755Z","msg":"[batcher] Flushing respondWithProfileKeyBatcher batcher items.length=0"}
{"level":30,"time":"2026-04-08T13:57:35.755Z","msg":"[batcher] Flushing complete respondWithProfileKeyBatcher for batcher"}
{"level":30,"time":"2026-04-08T13:57:35.755Z","msg":"[batcher] Flushing MessageReceiver.decryptAndCacheBatcher batcher items.length=0"}
{"level":30,"time":"2026-04-08T13:57:35.755Z","msg":"[batcher] Flushing complete MessageReceiver.decryptAndCacheBatcher for batcher"}
{"level":30,"time":"2026-04-08T13:57:35.755Z","msg":"[batcher] Flushing MessageReceiver.cacheRemoveBatcher batcher items.length=0"}
{"level":30,"time":"2026-04-08T13:57:35.755Z","msg":"[batcher] Flushing complete MessageReceiver.cacheRemoveBatcher for batcher"}
{"level":30,"time":"2026-04-08T13:57:35.756Z","msg":"[waitBatcher] waitForAllWaitBatchers"}
{"level":30,"time":"2026-04-08T13:57:35.756Z","msg":"[background] shutdown: waiting for all attachment backups & downloads to finish"}
{"level":30,"time":"2026-04-08T13:57:35.756Z","msg":"[background] shutdown: closing the database"}
{"level":30,"time":"2026-04-08T13:57:35.756Z","msg":"[Client] shutdown"}
{"level":30,"time":"2026-04-08T13:57:35.756Z","msg":"[channels] data.shutdown: shutdown requested. 0 jobs outstanding"}
{"level":30,"time":"2026-04-08T13:57:35.792Z","msg":"[notifications] NotificationService: clearing notification and updating"}
{"level":30,"time":"2026-04-08T13:57:35.792Z","msg":"[notifications] NotificationService not updating notifications. Notifications are disabled; app is not focused; there is no notification data"}
