2026-04-08 12:22:05 Loaded main app package /usr/lib/obsidian/obsidian.asar
2026-04-08 12:22:05 Checking for update using Github
2026-04-08 12:22:15 Success.
2026-04-08 12:22:15 Latest version is 1.12.7
2026-04-08 12:22:15 App is up to date.
2026-04-08 13:20:56 Loaded main app package /usr/lib/obsidian/obsidian.asar
2026-04-08 13:20:56 Checking for update using Github
2026-04-08 13:20:56 Success.
2026-04-08 13:20:56 Latest version is 1.12.7
2026-04-08 13:20:56 App is up to date.
2026-04-08 13:53:34 Loaded main app package /usr/lib/obsidian/obsidian.asar
2026-04-08 13:53:34 Checking for update using Github
2026-04-08 13:53:34 Success.
2026-04-08 13:53:34 Latest version is 1.12.7
2026-04-08 13:53:34 App is up to date.
2026-04-08 13:57:38 Loaded main app package /usr/lib/obsidian/obsidian.asar
2026-04-08 13:57:38 Checking for update using Github
2026-04-08 13:57:38 Success.
2026-04-08 13:57:38 Latest version is 1.12.7
2026-04-08 13:57:38 App is up to date.
2026-04-08 14:02:31 Loaded main app package /usr/lib/obsidian/obsidian.asar
2026-04-08 14:02:32 Checking for update using Github
2026-04-08 14:02:32 Success.
2026-04-08 14:02:32 Latest version is 1.12.7
2026-04-08 14:02:32 App is up to date.
2026-04-08 14:24:28 Loaded main app package /usr/lib/obsidian/obsidian.asar
2026-04-08 14:24:28 Checking for update using Github
2026-04-08 14:24:28 Success.
2026-04-08 14:24:28 Latest version is 1.12.7
2026-04-08 14:24:28 App is up to date.
2026-04-08 14:25:59 Loaded main app package /usr/lib/obsidian/obsidian.asar
2026-04-08 14:25:59 Checking for update using Github
2026-04-08 14:25:59 Success.
2026-04-08 14:25:59 Latest version is 1.12.7
2026-04-08 14:25:59 App is up to date.
2026-04-08 15:25:59 Checking for update using Github
2026-04-08 15:25:59 Success.
2026-04-08 15:25:59 Latest version is 1.12.7
2026-04-08 15:25:59 App is up to date.
2026-04-08 16:11:40 Loaded main app package /usr/lib/obsidian/obsidian.asar
2026-04-08 16:11:40 Checking for update using Github
2026-04-08 16:11:40 Success.
2026-04-08 16:11:40 Latest version is 1.12.7
2026-04-08 16:11:40 App is up to date.
2026-04-08 18:10:08 Loaded main app package /usr/lib/obsidian/obsidian.asar
2026-04-08 18:10:08 Checking for update using Github
2026-04-08 18:10:08 Success.
2026-04-08 18:10:08 Latest version is 1.12.7
2026-04-08 18:10:08 App is up to date.
2026-04-08 18:24:06 Loaded main app package /usr/lib/obsidian/obsidian.asar
2026-04-08 18:24:06 Checking for update using Github
2026-04-08 18:24:06 Success.
2026-04-08 18:24:06 Latest version is 1.12.7
2026-04-08 18:24:06 App is up to date.
2026-04-08 19:24:06 Checking for update using Github
2026-04-08 19:24:06 Success.
2026-04-08 19:24:06 Latest version is 1.12.7
2026-04-08 19:24:06 App is up to date.
2026-04-08 20:35:42 Loaded main app package /usr/lib/obsidian/obsidian.asar
2026-04-08 20:35:43 Checking for update using Github
2026-04-08 20:35:43 Success.
2026-04-08 20:35:43 Latest version is 1.12.7
2026-04-08 20:35:43 App is up to date.
2026-04-08 20:40:14 Loaded main app package /usr/lib/obsidian/obsidian.asar
2026-04-08 20:40:14 Checking for update using Github
2026-04-08 20:40:15 Success.
2026-04-08 20:40:15 Latest version is 1.12.7
2026-04-08 20:40:15 App is up to date.
2026-04-10 09:05:59 Loaded main app package /usr/lib/obsidian/obsidian.asar
2026-04-10 09:05:59 Checking for update using Github
2026-04-10 09:05:59 Success.
2026-04-10 09:05:59 Latest version is 1.12.7
2026-04-10 09:05:59 App is up to date.
2026-04-10 19:03:07 Loaded main app package /usr/lib/obsidian/obsidian.asar
2026-04-10 19:03:07 Checking for update using Github
2026-04-10 19:03:07 Success.
2026-04-10 19:03:07 Latest version is 1.12.7
2026-04-10 19:03:07 App is up to date.
2026-04-11 06:55:02 Loaded main app package /usr/lib/obsidian/obsidian.asar
2026-04-11 06:55:02 Checking for update using Github
2026-04-11 06:55:02 Success.
2026-04-11 06:55:02 Latest version is 1.12.7
2026-04-11 06:55:02 App is up to date.
2026-04-11 07:24:15 Loaded main app package /usr/lib/obsidian/obsidian.asar
2026-04-11 07:24:15 Checking for update using Github
2026-04-11 07:24:16 Success.
2026-04-11 07:24:16 Latest version is 1.12.7
2026-04-11 07:24:16 App is up to date.
2026-04-11 07:35:29 Loaded main app package /usr/lib/obsidian/obsidian.asar
2026-04-11 07:35:30 Checking for update using Github
2026-04-11 07:35:30 Success.
2026-04-11 07:35:30 Latest version is 1.12.7
2026-04-11 07:35:30 App is up to date.
2026-04-11 08:36:02 Loaded main app package /usr/lib/obsidian/obsidian.asar
2026-04-11 08:36:02 Checking for update using Github
2026-04-11 08:36:03 Success.
2026-04-11 08:36:03 Latest version is 1.12.7
2026-04-11 08:36:03 App is up to date.
2026-04-11 08:42:03 Loaded main app package /usr/lib/obsidian/obsidian.asar
2026-04-11 08:42:03 Checking for update using Github
2026-04-11 08:42:04 Success.
2026-04-11 08:42:04 Latest version is 1.12.7
2026-04-11 08:42:04 App is up to date.
2026-04-11 09:04:49 Loaded main app package /usr/lib/obsidian/obsidian.asar
2026-04-11 09:04:49 Checking for update using Github
2026-04-11 09:04:49 Success.
2026-04-11 09:04:49 Latest version is 1.12.7
2026-04-11 09:04:49 App is up to date.
2026-04-11 14:40:40 Loaded main app package /usr/lib/obsidian/obsidian.asar
2026-04-11 14:40:41 Checking for update using Github
2026-04-11 14:40:41 Success.
2026-04-11 14:40:41 Latest version is 1.12.7
2026-04-11 14:40:41 App is up to date.
2026-04-11 15:40:40 Checking for update using Github
2026-04-11 15:40:40 Success.
2026-04-11 15:40:40 Latest version is 1.12.7
2026-04-11 15:40:40 App is up to date.
2026-04-11 16:40:40 Checking for update using Github
2026-04-11 16:40:41 Success.
2026-04-11 16:40:41 Latest version is 1.12.7
2026-04-11 16:40:41 App is up to date.
2026-04-11 17:40:41 Checking for update using Github
2026-04-11 17:40:41 Success.
2026-04-11 17:40:41 Latest version is 1.12.7
2026-04-11 17:40:41 App is up to date.
2026-04-11 18:40:41 Checking for update using Github
2026-04-11 18:40:41 Success.
2026-04-11 18:40:41 Latest version is 1.12.7
2026-04-11 18:40:41 App is up to date.
2026-04-12 14:28:42 Loaded main app package /usr/lib/obsidian/obsidian.asar
2026-04-12 14:28:42 Checking for update using Github
2026-04-12 14:28:43 Success.
2026-04-12 14:28:43 Latest version is 1.12.7
2026-04-12 14:28:43 App is up to date.
2026-04-12 15:28:42 Checking for update using Github
2026-04-12 15:28:42 Success.
2026-04-12 15:28:42 Latest version is 1.12.7
2026-04-12 15:28:42 App is up to date.
2026-04-12 18:54:13 Loaded main app package /usr/lib/obsidian/obsidian.asar
2026-04-12 18:54:13 Checking for update using Github
2026-04-12 18:54:13 Success.
2026-04-12 18:54:13 Latest version is 1.12.7
2026-04-12 18:54:13 App is up to date.
2026-04-12 20:15:34 Loaded main app package /usr/lib/obsidian/obsidian.asar
2026-04-12 20:15:34 Checking for update using Github
2026-04-12 20:15:35 Success.
2026-04-12 20:15:35 Latest version is 1.12.7
2026-04-12 20:15:35 App is up to date.
2026-04-12 21:15:34 Checking for update using Github
2026-04-12 21:15:34 Success.
2026-04-12 21:15:34 Latest version is 1.12.7
2026-04-12 21:15:34 App is up to date.
2026-04-13 08:08:44 Loaded main app package /usr/lib/obsidian/obsidian.asar
2026-04-13 08:08:45 Checking for update using Github
2026-04-13 08:08:45 Success.
2026-04-13 08:08:45 Latest version is 1.12.7
2026-04-13 08:08:45 App is up to date.
2026-04-13 09:09:58 Loaded main app package /usr/lib/obsidian/obsidian.asar
2026-04-13 09:09:59 Checking for update using Github
2026-04-13 09:09:59 Success.
2026-04-13 09:09:59 Latest version is 1.12.7
2026-04-13 09:09:59 App is up to date.
2026-04-13 10:22:42 Loaded main app package /usr/lib/obsidian/obsidian.asar
2026-04-13 10:22:42 Checking for update using Github
2026-04-13 10:22:42 Success.
2026-04-13 10:22:42 Latest version is 1.12.7
2026-04-13 10:22:42 App is up to date.
2026-04-13 11:51:40 Loaded main app package /usr/lib/obsidian/obsidian.asar
2026-04-13 11:51:40 Checking for update using Github
2026-04-13 11:51:40 Success.
2026-04-13 11:51:40 Latest version is 1.12.7
2026-04-13 11:51:40 App is up to date.
2026-04-13 15:31:06 Loaded main app package /usr/lib/obsidian/obsidian.asar
2026-04-13 15:31:06 Checking for update using Github
2026-04-13 15:31:06 Success.
2026-04-13 15:31:06 Latest version is 1.12.7
2026-04-13 15:31:06 App is up to date.
2026-04-14 16:54:36 Loaded main app package /usr/lib/obsidian/obsidian.asar
2026-04-14 16:54:37 Checking for update using Github
2026-04-14 16:54:37 Success.
2026-04-14 16:54:37 Latest version is 1.12.7
2026-04-14 16:54:37 App is up to date.
2026-04-16 16:38:28 Loaded main app package /usr/lib/obsidian/obsidian.asar
2026-04-16 16:38:28 Checking for update using Github
2026-04-16 16:38:48 Failed to check for update using Github (net::ERR_NAME_NOT_RESOLVED)
2026-04-16 16:38:48 Checking for update using obsidian.md
2026-04-16 16:39:08 Failed to check for update using obsidian.md (net::ERR_NAME_NOT_RESOLVED)
2026-04-16 17:23:59 Loaded main app package /usr/lib/obsidian/obsidian.asar
2026-04-16 17:23:59 Checking for update using Github
2026-04-16 17:24:00 Success.
2026-04-16 17:24:00 Latest version is 1.12.7
2026-04-16 17:24:00 App is up to date.
2026-04-16 18:23:59 Checking for update using Github
2026-04-16 18:23:59 Success.
2026-04-16 18:23:59 Latest version is 1.12.7
2026-04-16 18:23:59 App is up to date.
2026-04-16 18:39:43 Loaded main app package /usr/lib/obsidian/obsidian.asar
2026-04-16 18:39:43 Checking for update using Github
2026-04-16 18:39:43 Success.
2026-04-16 18:39:43 Latest version is 1.12.7
2026-04-16 18:39:43 App is up to date.
2026-04-16 19:39:43 Checking for update using Github
2026-04-16 19:39:43 Success.
2026-04-16 19:39:43 Latest version is 1.12.7
2026-04-16 19:39:43 App is up to date.
2026-04-17 06:27:39 Loaded main app package /usr/lib/obsidian/obsidian.asar
2026-04-17 06:27:39 Checking for update using Github
2026-04-17 06:27:39 Success.
2026-04-17 06:27:39 Latest version is 1.12.7
2026-04-17 06:27:39 App is up to date.
2026-04-17 06:58:14 Loaded main app package /usr/lib/obsidian/obsidian.asar
2026-04-17 06:58:14 Checking for update using Github
2026-04-17 06:58:14 Success.
2026-04-17 06:58:14 Latest version is 1.12.7
2026-04-17 06:58:14 App is up to date.
2026-04-17 08:10:11 Loaded main app package /usr/lib/obsidian/obsidian.asar
2026-04-17 08:10:11 Checking for update using Github
2026-04-17 08:10:12 Success.
2026-04-17 08:10:12 Latest version is 1.12.7
2026-04-17 08:10:12 App is up to date.
2026-04-17 09:31:23 Loaded main app package /usr/lib/obsidian/obsidian.asar
2026-04-17 09:31:23 Checking for update using Github
2026-04-17 09:31:23 Success.
2026-04-17 09:31:23 Latest version is 1.12.7
2026-04-17 09:31:23 App is up to date.
2026-04-17 10:31:23 Checking for update using Github
2026-04-17 10:31:23 Success.
2026-04-17 10:31:23 Latest version is 1.12.7
2026-04-17 10:31:23 App is up to date.
2026-04-17 10:33:33 Loaded main app package /usr/lib/obsidian/obsidian.asar
2026-04-17 10:33:33 Checking for update using Github
2026-04-17 10:33:33 Success.
2026-04-17 10:33:33 Latest version is 1.12.7
2026-04-17 10:33:33 App is up to date.
2026-04-17 11:33:33 Checking for update using Github
2026-04-17 11:33:33 Success.
2026-04-17 11:33:33 Latest version is 1.12.7
2026-04-17 11:33:33 App is up to date.
2026-04-17 12:33:33 Checking for update using Github
2026-04-17 12:33:34 Success.
2026-04-17 12:33:34 Latest version is 1.12.7
2026-04-17 12:33:34 App is up to date.
2026-04-17 17:28:48 Loaded main app package /usr/lib/obsidian/obsidian.asar
2026-04-17 17:28:49 Checking for update using Github
2026-04-17 17:28:49 Success.
2026-04-17 17:28:49 Latest version is 1.12.7
2026-04-17 17:28:49 App is up to date.
2026-04-17 18:28:48 Checking for update using Github
2026-04-17 18:28:48 Success.
2026-04-17 18:28:48 Latest version is 1.12.7
2026-04-17 18:28:48 App is up to date.
2026-04-18 06:02:07 Loaded main app package /usr/lib/obsidian/obsidian.asar
2026-04-18 06:02:08 Checking for update using Github
2026-04-18 06:02:08 Success.
2026-04-18 06:02:08 Latest version is 1.12.7
2026-04-18 06:02:08 App is up to date.
2026-04-18 07:02:07 Checking for update using Github
2026-04-18 07:02:07 Success.
2026-04-18 07:02:07 Latest version is 1.12.7
2026-04-18 07:02:07 App is up to date.
2026-04-18 08:02:07 Checking for update using Github
2026-04-18 08:02:08 Success.
2026-04-18 08:02:08 Latest version is 1.12.7
2026-04-18 08:02:08 App is up to date.
2026-04-18 09:02:07 Checking for update using Github
2026-04-18 09:02:08 Success.
2026-04-18 09:02:08 Latest version is 1.12.7
2026-04-18 09:02:08 App is up to date.
2026-04-18 10:02:08 Checking for update using Github
2026-04-18 10:02:08 Success.
2026-04-18 10:02:08 Latest version is 1.12.7
2026-04-18 10:02:08 App is up to date.
2026-04-18 11:02:08 Checking for update using Github
2026-04-18 11:02:08 Success.
2026-04-18 11:02:08 Latest version is 1.12.7
2026-04-18 11:02:08 App is up to date.
2026-04-18 12:02:08 Checking for update using Github
2026-04-18 12:02:08 Success.
2026-04-18 12:02:08 Latest version is 1.12.7
2026-04-18 12:02:08 App is up to date.
2026-04-18 19:18:45 Loaded main app package /usr/lib/obsidian/obsidian.asar
2026-04-18 19:18:45 Checking for update using Github
2026-04-18 19:18:45 Success.
2026-04-18 19:18:45 Latest version is 1.12.7
2026-04-18 19:18:45 App is up to date.
2026-04-18 20:28:44 Loaded main app package /usr/lib/obsidian/obsidian.asar
2026-04-18 20:28:44 Checking for update using Github
2026-04-18 20:28:44 Success.
2026-04-18 20:28:44 Latest version is 1.12.7
2026-04-18 20:28:44 App is up to date.
